{"level":"info","ts":"2024-09-19T10:48:05+05:30","msg":"Login Successful","method":"POST","request":{"email":"anish.sharma@watchguard.com","password":"Anish2003@"},"time":"2024-09-19T10:48:05+05:30"}
{"level":"info","ts":"2024-09-19T10:48:09+05:30","msg":"Login Successful","method":"POST","request":{"email":"anish.sharma@watchguard.com","password":"Anish2003@"},"time":"2024-09-19T10:48:09+05:30"}
{"level":"error","ts":"2024-09-19T11:01:30+05:30","msg":"Error decoding request body","method":"POST","error":"json: cannot unmarshal number into Go struct field .phone_no of type string","time":"2024-09-19T11:01:30+05:30"}
{"level":"error","ts":"2024-09-19T11:03:43+05:30","msg":"Email Already Exists : Conflict Error","method":"POST","error":"email already registered: email already exists","request":{"email":"aman.kawadia@watchguard.com","password":"Aman2003@","phone_no":"8899002233","gender":"male"},"time":"2024-09-19T11:03:43+05:30"}
{"level":"error","ts":"2024-09-19T13:28:16+05:30","msg":"Email Already Exists : Conflict Error","method":"POST","error":"email already registered: email already exists","request":{"email":"pravin.jalodiya@watchguard.com","password":"Aman2003@","phone_no":"8899002233","gender":"male"},"time":"2024-09-19T13:28:16+05:30"}
{"level":"error","ts":"2024-09-19T13:28:28+05:30","msg":"Validation error","method":"POST","error":"Key: 'PhoneNo' Error:Field validation for 'PhoneNo' failed on the 'isValidPhoneNo' tag","request":{"email":"pravin.jalodiya@watchguard.com","password":"Aman2003@","phone_no":"88992233","gender":"male"},"time":"2024-09-19T13:28:28+05:30"}
{"level":"error","ts":"2024-09-19T13:28:35+05:30","msg":"Validation error","method":"POST","error":"Key: 'PhoneNo' Error:Field validation for 'PhoneNo' failed on the 'isValidPhoneNo' tag\nKey: 'Gender' Error:Field validation for 'Gender' failed on the 'isValidGender' tag","request":{"email":"pravin.jalodiya@watchguard.com","password":"Aman2003@","phone_no":"88992233","gender":"mae"},"time":"2024-09-19T13:28:35+05:30"}
{"level":"info","ts":"2024-09-19T13:29:26+05:30","msg":"Signup Successful","method":"POST","request":{"email":"aryan.kamboj@watchguard.com","password":"Aryan2003@","phone_no":"8877665544","gender":"male"},"time":"2024-09-19T13:29:26+05:30"}
{"level":"info","ts":"2024-09-19T13:30:30+05:30","msg":"Logout Successful","method":"POST","time":"2024-09-19T13:30:30+05:30"}
{"level":"info","ts":"2024-09-19T14:02:34+05:30","msg":"Login Successful","method":"POST","request":{"email":"anish.sharma@watchguard.com","password":"Anish2003@"},"time":"2024-09-19T14:02:34+05:30"}
{"level":"info","ts":"2024-09-19T14:16:21+05:30","msg":"Login Successful","method":"POST","request":{"email":"anish.sharma@watchguard.com","password":"Anish2003@"},"time":"2024-09-19T14:16:21+05:30"}
{"level":"info","ts":"2024-09-19T14:17:50+05:30","msg":"Signup Successful","method":"GET","time":"2024-09-19T14:17:50+05:30"}
{"level":"info","ts":"2024-09-19T14:21:11+05:30","msg":"Signup Successful","method":"GET","time":"2024-09-19T14:21:11+05:30"}
{"level":"info","ts":"2024-09-19T14:21:13+05:30","msg":"Signup Successful","method":"GET","time":"2024-09-19T14:21:13+05:30"}
{"level":"info","ts":"2024-09-19T17:14:28+05:30","msg":"Sent all games successfully","method":"GET","time":"2024-09-19T17:14:28+05:30"}
{"level":"info","ts":"2024-09-19T17:14:34+05:30","msg":"Sent all games successfully","method":"GET","time":"2024-09-19T17:14:34+05:30"}
{"level":"info","ts":"2024-09-19T17:16:10+05:30","msg":"Sent all games successfully","method":"GET","time":"2024-09-19T17:16:10+05:30"}
{"level":"info","ts":"2024-09-19T17:16:13+05:30","msg":"Sent all games successfully","method":"GET","time":"2024-09-19T17:16:13+05:30"}
{"level":"info","ts":"2024-09-19T17:16:20+05:30","msg":"Sent all games successfully","method":"GET","time":"2024-09-19T17:16:20+05:30"}
{"level":"info","ts":"2024-09-19T17:16:21+05:30","msg":"Sent all games successfully","method":"GET","time":"2024-09-19T17:16:21+05:30"}
{"level":"info","ts":"2024-09-19T17:16:22+05:30","msg":"Sent all games successfully","method":"GET","time":"2024-09-19T17:16:22+05:30"}
{"level":"info","ts":"2024-09-19T17:16:23+05:30","msg":"Sent all games successfully","method":"GET","time":"2024-09-19T17:16:23+05:30"}
{"level":"info","ts":"2024-09-19T17:21:14+05:30","msg":"Login Successful","method":"POST","request":{"email":"anish.sharma@watchguard.com","password":"Anish2003@"},"time":"2024-09-19T17:21:14+05:30"}
{"level":"error","ts":"2024-09-19T17:47:52+05:30","msg":"Invalid token","error":"Token is expired","time":"2024-09-19T17:47:52+05:30"}
{"level":"info","ts":"2024-09-19T17:47:56+05:30","msg":"Login Successful","method":"POST","request":{"email":"anish.sharma@watchguard.com","password":"Anish2003@"},"time":"2024-09-19T17:47:56+05:30"}
{"level":"info","ts":"2024-09-19T17:48:07+05:30","msg":"Sent all games successfully","method":"GET","time":"2024-09-19T17:48:07+05:30"}
{"level":"error","ts":"2024-09-19T17:53:10+05:30","msg":"Invalid token","error":"Token is expired","time":"2024-09-19T17:53:10+05:30"}
{"level":"info","ts":"2024-09-19T17:53:17+05:30","msg":"Login Successful","method":"POST","request":{"email":"anish.sharma@watchguard.com","password":"Anish2003@"},"time":"2024-09-19T17:53:17+05:30"}
{"level":"info","ts":"2024-09-19T17:53:49+05:30","msg":"Sent all games successfully","method":"GET","time":"2024-09-19T17:53:49+05:30"}
{"level":"info","ts":"2024-09-19T17:55:10+05:30","msg":"Login Successful","method":"POST","request":{"email":"anish.sharma@watchguard.com","password":"Anish2003@"},"time":"2024-09-19T17:55:10+05:30"}
{"level":"info","ts":"2024-09-19T17:57:12+05:30","msg":"Login Successful","method":"POST","request":{"email":"anish.sharma@watchguard.com","password":"Anish2003@"},"time":"2024-09-19T17:57:12+05:30"}
{"level":"info","ts":"2024-09-19T17:57:15+05:30","msg":"Login Successful","method":"POST","request":{"email":"anish.sharma@watchguard.com","password":"Anish2003@"},"time":"2024-09-19T17:57:15+05:30"}
{"level":"info","ts":"2024-09-19T18:11:32+05:30","msg":"Login Successful","method":"POST","request":{"email":"anish.sharma@watchguard.com","password":"Anish2003@"},"time":"2024-09-19T18:11:32+05:30"}
{"level":"info","ts":"2024-09-19T18:11:45+05:30","msg":"Signup Successful","method":"PUT","time":"2024-09-19T18:11:45+05:30"}
{"level":"error","ts":"2024-09-19T18:11:51+05:30","msg":"Invalid token","error":"Token is expired","time":"2024-09-19T18:11:51+05:30"}
{"level":"info","ts":"2024-09-19T18:11:57+05:30","msg":"Sent all games successfully","method":"GET","time":"2024-09-19T18:11:57+05:30"}
{"level":"info","ts":"2024-09-19T18:12:17+05:30","msg":"Signup Successful","method":"PUT","time":"2024-09-19T18:12:17+05:30"}
{"level":"info","ts":"2024-09-19T18:12:21+05:30","msg":"Sent all games successfully","method":"GET","time":"2024-09-19T18:12:21+05:30"}
{"level":"info","ts":"2024-09-19T18:18:38+05:30","msg":"Login Successful","method":"POST","request":{"email":"anish.sharma@watchguard.com","password":"Anish2003@"},"time":"2024-09-19T18:18:38+05:30"}
{"level":"info","ts":"2024-09-19T18:18:58+05:30","msg":"Logout Successful","method":"POST","time":"2024-09-19T18:18:58+05:30"}
{"level":"info","ts":"2024-09-19T18:27:34+05:30","msg":"Login Successful","method":"POST","request":{"email":"anish.sharma@watchguard.com","password":"Anish2003@"},"time":"2024-09-19T18:27:34+05:30"}
{"level":"info","ts":"2024-09-19T18:27:58+05:30","msg":"Signup Successful","method":"POST","request":{"name":"game name","max_players":2,"min_players":8,"instances":1},"time":"2024-09-19T18:27:58+05:30"}
{"level":"info","ts":"2024-09-19T18:31:07+05:30","msg":"Login Successful","method":"POST","request":{"email":"anish.sharma@watchguard.com","password":"Anish2003@"},"time":"2024-09-19T18:31:07+05:30"}
{"level":"info","ts":"2024-09-19T18:31:23+05:30","msg":"Login Successful","method":"POST","request":{"email":"anish.sharma@watchguard.com","password":"Anish2003@"},"time":"2024-09-19T18:31:23+05:30"}
{"level":"info","ts":"2024-09-19T18:31:38+05:30","msg":"Login Successful","method":"POST","request":{"email":"anish.sharma@watchguard.com","password":"Anish2003@"},"time":"2024-09-19T18:31:38+05:30"}
{"level":"info","ts":"2024-09-19T18:32:06+05:30","msg":"Login Successful","method":"POST","request":{"email":"anish.sharma@watchguard.com","password":"Anish2003@"},"time":"2024-09-19T18:32:06+05:30"}
{"level":"info","ts":"2024-09-19T18:35:52+05:30","msg":"Login Successful","method":"POST","request":{"email":"anish.sharma@watchguard.com","password":"Anish2003@"},"time":"2024-09-19T18:35:52+05:30"}
{"level":"info","ts":"2024-09-19T18:36:02+05:30","msg":"Logout Successful","method":"POST","time":"2024-09-19T18:36:02+05:30"}
{"level":"error","ts":"2024-09-19T18:36:43+05:30","msg":"Email Already Exists : Conflict Error","method":"POST","error":"email already registered: email already exists","request":{"email":"aryan.kamboj@watchguard.com","password":"Aryan2003@","phone_no":"8877665544","gender":"male"},"time":"2024-09-19T18:36:43+05:30"}
{"level":"error","ts":"2024-09-19T18:37:56+05:30","msg":"Invalid token","error":"Token is expired","time":"2024-09-19T18:37:56+05:30"}
{"level":"info","ts":"2024-09-19T18:38:09+05:30","msg":"Login Successful","method":"POST","request":{"email":"anish.sharma@watchguard.com","password":"Anish2003@"},"time":"2024-09-19T18:38:09+05:30"}
{"level":"info","ts":"2024-09-19T18:38:18+05:30","msg":"Sent all games successfully","method":"GET","time":"2024-09-19T18:38:18+05:30"}
{"level":"error","ts":"2024-09-19T18:39:19+05:30","msg":"Invalid token","error":"Token is expired","time":"2024-09-19T18:39:19+05:30"}
{"level":"info","ts":"2024-09-19T18:39:38+05:30","msg":"Signup Successful","method":"PUT","time":"2024-09-19T18:39:38+05:30"}
{"level":"info","ts":"2024-09-19T18:39:49+05:30","msg":"Sent all games successfully","method":"GET","time":"2024-09-19T18:39:49+05:30"}
{"level":"error","ts":"2024-09-19T18:40:36+05:30","msg":"Invalid token","error":"Token is expired","time":"2024-09-19T18:40:36+05:30"}
{"level":"info","ts":"2024-09-19T18:40:48+05:30","msg":"Signup Successful","method":"POST","request":{"name":"gameasdas name","max_players":2,"min_players":8,"instances":1},"time":"2024-09-19T18:40:48+05:30"}
{"level":"info","ts":"2024-09-19T18:42:10+05:30","msg":"Login Successful","method":"POST","request":{"email":"anish.sharma@watchguard.com","password":"Anish2003@"},"time":"2024-09-19T18:42:10+05:30"}
{"level":"info","ts":"2024-09-19T18:42:31+05:30","msg":"Sent all games successfully","method":"GET","time":"2024-09-19T18:42:31+05:30"}
{"level":"info","ts":"2024-09-19T18:43:17+05:30","msg":"Sent all games successfully","method":"GET","time":"2024-09-19T18:43:17+05:30"}
{"level":"info","ts":"2024-09-19T18:43:44+05:30","msg":"Game deleted successfully","method":"DELETE","time":"2024-09-19T18:43:44+05:30"}
{"level":"info","ts":"2024-09-19T18:43:50+05:30","msg":"Sent all games successfully","method":"GET","time":"2024-09-19T18:43:50+05:30"}
{"level":"info","ts":"2024-09-19T18:44:06+05:30","msg":"Game deleted successfully","method":"DELETE","time":"2024-09-19T18:44:06+05:30"}
{"level":"info","ts":"2024-09-19T18:44:10+05:30","msg":"Sent all games successfully","method":"GET","time":"2024-09-19T18:44:10+05:30"}
{"level":"info","ts":"2024-09-19T21:38:26+05:30","msg":"Login Successful","method":"POST","request":{"email":"anish.sharma@watchguard.com","password":"Anish2003@"},"time":"2024-09-19T21:38:26+05:30"}
{"level":"info","ts":"2024-09-19T21:40:55+05:30","msg":"Login Successful","method":"POST","request":{"email":"anish.sharma@watchguard.com","password":"Anish2003@"},"time":"2024-09-19T21:40:55+05:30"}
{"level":"info","ts":"2024-09-19T21:41:01+05:30","msg":"Sent all games successfully","method":"GET","time":"2024-09-19T21:41:01+05:30"}
{"level":"info","ts":"2024-09-19T21:44:29+05:30","msg":"Login Successful","method":"POST","request":{"email":"anish.sharma@watchguard.com","password":"Anish2003@"},"time":"2024-09-19T21:44:29+05:30"}
{"level":"info","ts":"2024-09-19T21:44:32+05:30","msg":"Sent all games successfully","method":"GET","time":"2024-09-19T21:44:32+05:30"}
{"level":"info","ts":"2024-09-19T21:59:51+05:30","msg":"Login Successful","method":"POST","request":{"email":"anish.sharma@watchguard.com","password":"Anish2003@"},"time":"2024-09-19T21:59:51+05:30"}
{"level":"info","ts":"2024-09-19T21:59:55+05:30","msg":"Sent all games successfully","method":"GET","time":"2024-09-19T21:59:55+05:30"}
{"level":"info","ts":"2024-09-19T22:02:50+05:30","msg":"Sent all games successfully","method":"GET","time":"2024-09-19T22:02:50+05:30"}
{"level":"error","ts":"2024-09-19T22:07:21+05:30","msg":"Invalid token","error":"Token is expired","time":"2024-09-19T22:07:21+05:30"}
{"level":"info","ts":"2024-09-19T22:07:26+05:30","msg":"Login Successful","method":"POST","request":{"email":"anish.sharma@watchguard.com","password":"Anish2003@"},"time":"2024-09-19T22:07:26+05:30"}
{"level":"info","ts":"2024-09-19T22:07:30+05:30","msg":"Upcoming Bookings sent successfully","method":"GET","time":"2024-09-19T22:07:30+05:30"}
{"level":"info","ts":"2024-09-19T22:10:00+05:30","msg":"Upcoming Bookings sent successfully","method":"GET","time":"2024-09-19T22:10:00+05:30"}
{"level":"error","ts":"2024-09-19T22:15:02+05:30","msg":"Invalid token","error":"Token is expired","time":"2024-09-19T22:15:02+05:30"}
{"level":"info","ts":"2024-09-19T22:15:07+05:30","msg":"Login Successful","method":"POST","request":{"email":"anish.sharma@watchguard.com","password":"Anish2003@"},"time":"2024-09-19T22:15:07+05:30"}
{"level":"info","ts":"2024-09-19T22:15:12+05:30","msg":"Sent all games successfully","method":"GET","time":"2024-09-19T22:15:12+05:30"}
{"level":"info","ts":"2024-09-19T22:15:26+05:30","msg":"Signup Successful","method":"GET","time":"2024-09-19T22:15:26+05:30"}
{"level":"info","ts":"2024-09-19T22:30:26+05:30","msg":"Login Successful","method":"POST","request":{"email":"anish.sharma@watchguard.com","password":"Anish2003@"},"time":"2024-09-19T22:30:26+05:30"}
{"level":"info","ts":"2024-09-19T22:30:30+05:30","msg":"Sent all games successfully","method":"GET","time":"2024-09-19T22:30:30+05:30"}
{"level":"info","ts":"2024-09-19T22:30:43+05:30","msg":"All slots for today sent successfully","method":"GET","time":"2024-09-19T22:30:43+05:30"}
{"level":"info","ts":"2024-09-19T22:32:04+05:30","msg":"Slot sent successfully","method":"GET","time":"2024-09-19T22:32:04+05:30"}
{"level":"info","ts":"2024-09-19T22:34:23+05:30","msg":"Login Successful","method":"POST","request":{"email":"anish.sharma@watchguard.com","password":"Anish2003@"},"time":"2024-09-19T22:34:23+05:30"}
{"level":"error","ts":"2024-09-19T22:41:05+05:30","msg":"Invalid token","error":"Token is expired","time":"2024-09-19T22:41:05+05:30"}
{"level":"info","ts":"2024-09-19T22:41:09+05:30","msg":"Login Successful","method":"POST","request":{"email":"anish.sharma@watchguard.com","password":"Anish2003@"},"time":"2024-09-19T22:41:09+05:30"}
{"level":"info","ts":"2024-09-19T22:41:15+05:30","msg":"Signup Successful","method":"POST","request":{"slot_id":"ecce18a8-5888-445f-8c77-ea5bd9274f8b"},"time":"2024-09-19T22:41:15+05:30"}
